<?xml version="1.0" encoding="UTF-8"?>
<testsuite name="com.example.jdbc.repository.JdbcTemplateTest" tests="1" skipped="0" failures="0" errors="0" timestamp="2022-03-16T04:59:34" hostname="LFui-MacBookPro.local" time="12.186">
  <properties/>
  <testcase name="insertDataTest()" classname="com.example.jdbc.repository.JdbcTemplateTest" time="12.186"/>
  <system-out><![CDATA[13:59:33.236 [Test worker] DEBUG org.springframework.test.context.BootstrapUtils - Instantiating CacheAwareContextLoaderDelegate from class [org.springframework.test.context.cache.DefaultCacheAwareContextLoaderDelegate]
13:59:33.240 [Test worker] DEBUG org.springframework.test.context.BootstrapUtils - Instantiating BootstrapContext using constructor [public org.springframework.test.context.support.DefaultBootstrapContext(java.lang.Class,org.springframework.test.context.CacheAwareContextLoaderDelegate)]
13:59:33.252 [Test worker] DEBUG org.springframework.test.context.BootstrapUtils - Instantiating TestContextBootstrapper for test class [com.example.jdbc.repository.JdbcTemplateTest] from class [org.springframework.boot.test.context.SpringBootTestContextBootstrapper]
13:59:33.256 [Test worker] INFO org.springframework.boot.test.context.SpringBootTestContextBootstrapper - Neither @ContextConfiguration nor @ContextHierarchy found for test class [com.example.jdbc.repository.JdbcTemplateTest], using SpringBootContextLoader
13:59:33.258 [Test worker] DEBUG org.springframework.test.context.support.AbstractContextLoader - Did not detect default resource location for test class [com.example.jdbc.repository.JdbcTemplateTest]: class path resource [com/example/jdbc/repository/JdbcTemplateTest-context.xml] does not exist
13:59:33.258 [Test worker] DEBUG org.springframework.test.context.support.AbstractContextLoader - Did not detect default resource location for test class [com.example.jdbc.repository.JdbcTemplateTest]: class path resource [com/example/jdbc/repository/JdbcTemplateTestContext.groovy] does not exist
13:59:33.258 [Test worker] INFO org.springframework.test.context.support.AbstractContextLoader - Could not detect default resource locations for test class [com.example.jdbc.repository.JdbcTemplateTest]: no resource found for suffixes {-context.xml, Context.groovy}.
13:59:33.258 [Test worker] INFO org.springframework.test.context.support.AnnotationConfigContextLoaderUtils - Could not detect default configuration classes for test class [com.example.jdbc.repository.JdbcTemplateTest]: JdbcTemplateTest does not declare any static, non-private, non-final, nested classes annotated with @Configuration.
13:59:33.275 [Test worker] DEBUG org.springframework.test.context.support.ActiveProfilesUtils - Could not find an 'annotation declaring class' for annotation type [org.springframework.test.context.ActiveProfiles] and class [com.example.jdbc.repository.JdbcTemplateTest]
13:59:33.301 [Test worker] DEBUG org.springframework.context.annotation.ClassPathScanningCandidateComponentProvider - Identified candidate component class: file [/Users/lf/Works/demo/jdbc/build/classes/java/main/com/example/jdbc/JdbcDemoApplication.class]
13:59:33.301 [Test worker] INFO org.springframework.boot.test.context.SpringBootTestContextBootstrapper - Found @SpringBootConfiguration com.example.jdbc.JdbcDemoApplication for test class com.example.jdbc.repository.JdbcTemplateTest
13:59:33.333 [Test worker] DEBUG org.springframework.boot.test.context.SpringBootTestContextBootstrapper - @TestExecutionListeners is not present for class [com.example.jdbc.repository.JdbcTemplateTest]: using defaults.
13:59:33.333 [Test worker] INFO org.springframework.boot.test.context.SpringBootTestContextBootstrapper - Loaded default TestExecutionListener class names from location [META-INF/spring.factories]: [org.springframework.boot.test.autoconfigure.restdocs.RestDocsTestExecutionListener, org.springframework.boot.test.autoconfigure.web.client.MockRestServiceServerResetTestExecutionListener, org.springframework.boot.test.autoconfigure.web.servlet.MockMvcPrintOnlyOnFailureTestExecutionListener, org.springframework.boot.test.autoconfigure.web.servlet.WebDriverTestExecutionListener, org.springframework.boot.test.autoconfigure.webservices.client.MockWebServiceServerTestExecutionListener, org.springframework.boot.test.mock.mockito.MockitoTestExecutionListener, org.springframework.boot.test.mock.mockito.ResetMocksTestExecutionListener, org.springframework.test.context.web.ServletTestExecutionListener, org.springframework.test.context.support.DirtiesContextBeforeModesTestExecutionListener, org.springframework.test.context.event.ApplicationEventsTestExecutionListener, org.springframework.test.context.support.DependencyInjectionTestExecutionListener, org.springframework.test.context.support.DirtiesContextTestExecutionListener, org.springframework.test.context.transaction.TransactionalTestExecutionListener, org.springframework.test.context.jdbc.SqlScriptsTestExecutionListener, org.springframework.test.context.event.EventPublishingTestExecutionListener]
13:59:33.339 [Test worker] INFO org.springframework.boot.test.context.SpringBootTestContextBootstrapper - Using TestExecutionListeners: [org.springframework.test.context.web.ServletTestExecutionListener@388ba540, org.springframework.test.context.support.DirtiesContextBeforeModesTestExecutionListener@47605f2f, org.springframework.test.context.event.ApplicationEventsTestExecutionListener@2ece4966, org.springframework.boot.test.mock.mockito.MockitoTestExecutionListener@1dd0e7c4, org.springframework.boot.test.autoconfigure.SpringBootDependencyInjectionTestExecutionListener@7894f09b, org.springframework.test.context.support.DirtiesContextTestExecutionListener@3d484181, org.springframework.test.context.transaction.TransactionalTestExecutionListener@6111ba37, org.springframework.test.context.jdbc.SqlScriptsTestExecutionListener@7be58f16, org.springframework.test.context.event.EventPublishingTestExecutionListener@242aa8d9, org.springframework.boot.test.autoconfigure.restdocs.RestDocsTestExecutionListener@5b11a194, org.springframework.boot.test.autoconfigure.web.client.MockRestServiceServerResetTestExecutionListener@37bd68c3, org.springframework.boot.test.autoconfigure.web.servlet.MockMvcPrintOnlyOnFailureTestExecutionListener@60f7cc1d, org.springframework.boot.test.autoconfigure.web.servlet.WebDriverTestExecutionListener@11eadcba, org.springframework.boot.test.autoconfigure.webservices.client.MockWebServiceServerTestExecutionListener@4721d212, org.springframework.boot.test.mock.mockito.ResetMocksTestExecutionListener@1b065145]
13:59:33.340 [Test worker] DEBUG org.springframework.test.context.support.AbstractDirtiesContextTestExecutionListener - Before test class: context [DefaultTestContext@24d4d7c9 testClass = JdbcTemplateTest, testInstance = [null], testMethod = [null], testException = [null], mergedContextConfiguration = [WebMergedContextConfiguration@f0e995e testClass = JdbcTemplateTest, locations = '{}', classes = '{class com.example.jdbc.JdbcDemoApplication}', contextInitializerClasses = '[]', activeProfiles = '{}', propertySourceLocations = '{}', propertySourceProperties = '{org.springframework.boot.test.context.SpringBootTestContextBootstrapper=true}', contextCustomizers = set[org.springframework.boot.test.autoconfigure.actuate.metrics.MetricsExportContextCustomizerFactory$DisableMetricExportContextCustomizer@12d2ce03, org.springframework.boot.test.autoconfigure.properties.PropertyMappingContextCustomizer@0, org.springframework.boot.test.autoconfigure.web.servlet.WebDriverContextCustomizerFactory$Customizer@21ba0741, org.springframework.boot.test.context.filter.ExcludeFilterContextCustomizer@b4711e2, org.springframework.boot.test.json.DuplicateJsonObjectContextCustomizerFactory$DuplicateJsonObjectContextCustomizer@62010f5c, org.springframework.boot.test.mock.mockito.MockitoContextCustomizer@0, org.springframework.boot.test.web.client.TestRestTemplateContextCustomizer@67545b57, org.springframework.boot.test.context.SpringBootTestArgs@1, org.springframework.boot.test.context.SpringBootTestWebEnvironment@1dac5ef], resourceBasePath = 'src/main/webapp', contextLoader = 'org.springframework.boot.test.context.SpringBootContextLoader', parent = [null]], attributes = map['org.springframework.test.context.web.ServletTestExecutionListener.activateListener' -> true]], class annotated with @DirtiesContext [false] with mode [null].

  .   ____          _            __ _ _
 /\\ / ___'_ __ _ _(_)_ __  __ _ \ \ \ \
( ( )\___ | '_ | '_| | '_ \/ _` | \ \ \ \
 \\/  ___)| |_)| | | | | || (_| |  ) ) ) )
  '  |____| .__|_| |_|_| |_\__, | / / / /
 =========|_|==============|___/=/_/_/_/
 :: Spring Boot ::                (v2.6.4)

2022-03-16 13:59:33 | INFO  |  | [Test worker] c.e.j.r.JdbcTemplateTest:55 - Starting JdbcTemplateTest using Java 17.0.2 on LFui-MacBookPro.local with PID 16078 (started by lf in /Users/lf/Works/demo/jdbc)
2022-03-16 13:59:33 | INFO  |  | [Test worker] c.e.j.r.JdbcTemplateTest:640 - No active profile set, falling back to 1 default profile: "default"
2022-03-16 13:59:33 | INFO  |  | [Test worker] o.s.d.r.c.RepositoryConfigurationDelegate:132 - Bootstrapping Spring Data JDBC repositories in DEFAULT mode.
2022-03-16 13:59:33 | INFO  |  | [Test worker] o.s.d.r.c.RepositoryConfigurationDelegate:201 - Finished Spring Data repository scanning in 14 ms. Found 1 JDBC repository interfaces.
2022-03-16 13:59:34 | INFO  |  | [Test worker] c.z.h.HikariDataSource:110 - HikariPool-1 - Starting...
2022-03-16 13:59:34 | INFO  |  | [Test worker] c.z.h.HikariDataSource:123 - HikariPool-1 - Start completed.
2022-03-16 13:59:34 | INFO  |  | [Test worker] c.e.j.r.JdbcTemplateTest:61 - Started JdbcTemplateTest in 1.164 seconds (JVM running for 1.613)
2022-03-16 13:59:34 | INFO  |  | [Test worker] o.s.t.c.t.TransactionContext:107 - Began transaction (1) for test context [DefaultTestContext@24d4d7c9 testClass = JdbcTemplateTest, testInstance = com.example.jdbc.repository.JdbcTemplateTest@18989e0, testMethod = insertDataTest@JdbcTemplateTest, testException = [null], mergedContextConfiguration = [WebMergedContextConfiguration@f0e995e testClass = JdbcTemplateTest, locations = '{}', classes = '{class com.example.jdbc.JdbcDemoApplication}', contextInitializerClasses = '[]', activeProfiles = '{}', propertySourceLocations = '{}', propertySourceProperties = '{org.springframework.boot.test.context.SpringBootTestContextBootstrapper=true}', contextCustomizers = set[org.springframework.boot.test.autoconfigure.actuate.metrics.MetricsExportContextCustomizerFactory$DisableMetricExportContextCustomizer@12d2ce03, org.springframework.boot.test.autoconfigure.properties.PropertyMappingContextCustomizer@0, org.springframework.boot.test.autoconfigure.web.servlet.WebDriverContextCustomizerFactory$Customizer@21ba0741, org.springframework.boot.test.context.filter.ExcludeFilterContextCustomizer@b4711e2, org.springframework.boot.test.json.DuplicateJsonObjectContextCustomizerFactory$DuplicateJsonObjectContextCustomizer@62010f5c, org.springframework.boot.test.mock.mockito.MockitoContextCustomizer@0, org.springframework.boot.test.web.client.TestRestTemplateContextCustomizer@67545b57, org.springframework.boot.test.context.SpringBootTestArgs@1, org.springframework.boot.test.context.SpringBootTestWebEnvironment@1dac5ef], resourceBasePath = 'src/main/webapp', contextLoader = 'org.springframework.boot.test.context.SpringBootContextLoader', parent = [null]], attributes = map['org.springframework.test.context.web.ServletTestExecutionListener.activateListener' -> true, 'org.springframework.test.context.web.ServletTestExecutionListener.populatedRequestContextHolder' -> true, 'org.springframework.test.context.web.ServletTestExecutionListener.resetRequestContextHolder' -> true, 'org.springframework.test.context.event.ApplicationEventsTestExecutionListener.recordApplicationEvents' -> false]]; transaction manager [org.springframework.jdbc.support.JdbcTransactionManager@2a120c88]; rollback [true]
2022-03-16 13:59:46 | INFO  |  | [Test worker] o.s.t.c.t.TransactionContext:139 - Rolled back transaction for test: [DefaultTestContext@24d4d7c9 testClass = JdbcTemplateTest, testInstance = com.example.jdbc.repository.JdbcTemplateTest@18989e0, testMethod = insertDataTest@JdbcTemplateTest, testException = [null], mergedContextConfiguration = [WebMergedContextConfiguration@f0e995e testClass = JdbcTemplateTest, locations = '{}', classes = '{class com.example.jdbc.JdbcDemoApplication}', contextInitializerClasses = '[]', activeProfiles = '{}', propertySourceLocations = '{}', propertySourceProperties = '{org.springframework.boot.test.context.SpringBootTestContextBootstrapper=true}', contextCustomizers = set[org.springframework.boot.test.autoconfigure.actuate.metrics.MetricsExportContextCustomizerFactory$DisableMetricExportContextCustomizer@12d2ce03, org.springframework.boot.test.autoconfigure.properties.PropertyMappingContextCustomizer@0, org.springframework.boot.test.autoconfigure.web.servlet.WebDriverContextCustomizerFactory$Customizer@21ba0741, org.springframework.boot.test.context.filter.ExcludeFilterContextCustomizer@b4711e2, org.springframework.boot.test.json.DuplicateJsonObjectContextCustomizerFactory$DuplicateJsonObjectContextCustomizer@62010f5c, org.springframework.boot.test.mock.mockito.MockitoContextCustomizer@0, org.springframework.boot.test.web.client.TestRestTemplateContextCustomizer@67545b57, org.springframework.boot.test.context.SpringBootTestArgs@1, org.springframework.boot.test.context.SpringBootTestWebEnvironment@1dac5ef], resourceBasePath = 'src/main/webapp', contextLoader = 'org.springframework.boot.test.context.SpringBootContextLoader', parent = [null]], attributes = map['org.springframework.test.context.web.ServletTestExecutionListener.activateListener' -> true, 'org.springframework.test.context.web.ServletTestExecutionListener.populatedRequestContextHolder' -> true, 'org.springframework.test.context.web.ServletTestExecutionListener.resetRequestContextHolder' -> true, 'org.springframework.test.context.event.ApplicationEventsTestExecutionListener.recordApplicationEvents' -> false]]
]]></system-out>
  <system-err><![CDATA[]]></system-err>
</testsuite>
